<?xml version="1.0" encoding="UTF-8"?>
<testng-results skipped="0" failed="0" total="2" passed="2">
  <reporter-output>
  </reporter-output>
  <suite name="DockerSelenium" duration-ms="10681" started-at="2021-12-13T09:39:07Z" finished-at="2021-12-13T09:39:18Z">
    <groups>
    </groups>
    <test name="GoogleSearchPageTest1" duration-ms="9025" started-at="2021-12-13T09:39:07Z" finished-at="2021-12-13T09:39:16Z">
      <class name="com.docker.testCases.GoogleSearchTest">
        <test-method status="PASS" signature="setUp(java.lang.String)[pri:0, instance:com.docker.testCases.GoogleSearchTest@246ae04d]" name="setUp" is-config="true" duration-ms="3946" started-at="2021-12-13T15:09:07Z" finished-at="2021-12-13T15:09:11Z">
          <params>
            <param index="0">
              <value>
                <![CDATA[chrome]]>
              </value>
            </param>
          </params>
          <reporter-output>
          </reporter-output>
        </test-method> <!-- setUp -->
        <test-method status="PASS" signature="searchPageTest(java.lang.String, int)[pri:0, instance:com.docker.testCases.GoogleSearchTest@246ae04d]" name="searchPageTest" duration-ms="4902" started-at="2021-12-13T15:09:11Z" finished-at="2021-12-13T15:09:16Z">
          <params>
            <param index="0">
              <value>
                <![CDATA[docker]]>
              </value>
            </param>
            <param index="1">
              <value>
                <![CDATA[5]]>
              </value>
            </param>
          </params>
          <reporter-output>
          </reporter-output>
        </test-method> <!-- searchPageTest -->
        <test-method status="PASS" signature="tearDown()[pri:0, instance:com.docker.testCases.GoogleSearchTest@246ae04d]" name="tearDown" is-config="true" duration-ms="162" started-at="2021-12-13T15:09:16Z" finished-at="2021-12-13T15:09:16Z">
          <reporter-output>
          </reporter-output>
        </test-method> <!-- tearDown -->
      </class> <!-- com.docker.testCases.GoogleSearchTest -->
    </test> <!-- GoogleSearchPageTest1 -->
    <test name="GoogleSearchPageTest2" duration-ms="10681" started-at="2021-12-13T09:39:07Z" finished-at="2021-12-13T09:39:18Z">
      <class name="com.docker.testCases.GoogleSearchTest">
        <test-method status="PASS" signature="setUp(java.lang.String)[pri:0, instance:com.docker.testCases.GoogleSearchTest@3a03464]" name="setUp" is-config="true" duration-ms="6284" started-at="2021-12-13T15:09:07Z" finished-at="2021-12-13T15:09:13Z">
          <params>
            <param index="0">
              <value>
                <![CDATA[firefox]]>
              </value>
            </param>
          </params>
          <reporter-output>
          </reporter-output>
        </test-method> <!-- setUp -->
        <test-method status="PASS" signature="searchPageTest(java.lang.String, int)[pri:0, instance:com.docker.testCases.GoogleSearchTest@3a03464]" name="searchPageTest" duration-ms="3817" started-at="2021-12-13T15:09:13Z" finished-at="2021-12-13T15:09:17Z">
          <params>
            <param index="0">
              <value>
                <![CDATA[selenium]]>
              </value>
            </param>
            <param index="1">
              <value>
                <![CDATA[4]]>
              </value>
            </param>
          </params>
          <reporter-output>
          </reporter-output>
        </test-method> <!-- searchPageTest -->
        <test-method status="PASS" signature="tearDown()[pri:0, instance:com.docker.testCases.GoogleSearchTest@3a03464]" name="tearDown" is-config="true" duration-ms="578" started-at="2021-12-13T15:09:17Z" finished-at="2021-12-13T15:09:18Z">
          <reporter-output>
          </reporter-output>
        </test-method> <!-- tearDown -->
      </class> <!-- com.docker.testCases.GoogleSearchTest -->
    </test> <!-- GoogleSearchPageTest2 -->
  </suite> <!-- DockerSelenium -->
</testng-results>
